\BOOKMARK [1][-]{section.1}{\376\377\000I\000n\000t\000r\000o\000d\000u\000z\000i\000o\000n\000e}{}% 1
\BOOKMARK [1][-]{section.2}{\376\377\000A\000n\000a\000l\000i\000s\000i\000\040\000d\000e\000l\000\040\000p\000r\000o\000b\000l\000e\000m\000a}{}% 2
\BOOKMARK [1][-]{section.3}{\376\377\000I\000m\000p\000l\000e\000m\000e\000n\000t\000a\000z\000i\000o\000n\000e}{}% 3
\BOOKMARK [1][-]{section.4}{\376\377\000P\000a\000r\000a\000l\000l\000e\000l\000i\000z\000z\000a\000z\000i\000o\000n\000e}{}% 4
\BOOKMARK [2][-]{subsection.4.1}{\376\377\000O\000p\000e\000n\000M\000P}{section.4}% 5
\BOOKMARK [3][-]{subsubsection.4.1.1}{\376\377\000G\000e\000n\000e\000r\000a\000z\000i\000o\000n\000e\000\040\000d\000e\000i\000\040\000c\000e\000r\000c\000h\000i}{subsection.4.1}% 6
\BOOKMARK [3][-]{subsubsection.4.1.2}{\376\377\000R\000e\000n\000d\000e\000r\000i\000n\000g}{subsection.4.1}% 7
\BOOKMARK [2][-]{subsection.4.2}{\376\377\000C\000U\000D\000A}{section.4}% 8
\BOOKMARK [1][-]{section.5}{\376\377\000C\000a\000r\000a\000t\000t\000e\000r\000i\000s\000t\000i\000c\000h\000e\000\040\000d\000e\000l\000l\000a\000\040\000m\000a\000c\000c\000h\000i\000n\000a}{}% 9
\BOOKMARK [1][-]{section.6}{\376\377\000E\000s\000p\000e\000r\000i\000m\000e\000n\000t\000i\000\040\000e\000\040\000R\000i\000s\000u\000l\000t\000a\000t\000i}{}% 10
\BOOKMARK [2][-]{subsection.6.1}{\376\377\000O\000p\000e\000n\000M\000P}{section.6}% 11
\BOOKMARK [3][-]{subsubsection.6.1.1}{\376\377\000G\000e\000n\000e\000r\000a\000z\000i\000o\000n\000e\000\040\000d\000e\000i\000\040\000c\000e\000r\000c\000h\000i}{subsection.6.1}% 12
\BOOKMARK [3][-]{subsubsection.6.1.2}{\376\377\000R\000e\000n\000d\000e\000r\000i\000n\000g}{subsection.6.1}% 13
\BOOKMARK [2][-]{subsection.6.2}{\376\377\000C\000U\000D\000A}{section.6}% 14
\BOOKMARK [3][-]{subsubsection.6.2.1}{\376\377\000D\000i\000m\000e\000n\000s\000i\000o\000n\000e\000\040\000d\000e\000i\000\040\000t\000h\000r\000e\000a\000d\000-\000b\000l\000o\000c\000k\000s}{subsection.6.2}% 15
\BOOKMARK [3][-]{subsubsection.6.2.2}{\376\377\000R\000e\000n\000d\000e\000r\000i\000n\000g}{subsection.6.2}% 16
\BOOKMARK [3][-]{subsubsection.6.2.3}{\376\377\000U\000t\000i\000l\000i\000z\000z\000o\000\040\000d\000e\000i\000\040\000b\000u\000r\000s\000t\000\040\000d\000i\000\040\000m\000e\000m\000o\000r\000i\000a\000\040\000\050\000C\000U\000D\000A\000-\000C\000o\000l\000o\000r\000\051}{subsection.6.2}% 17
\BOOKMARK [3][-]{subsubsection.6.2.4}{\376\377\000C\000o\000p\000i\000a\000\040\000d\000e\000i\000\040\000d\000a\000t\000i\000\040\000i\000n\000\040\000G\000P\000U}{subsection.6.2}% 18
\BOOKMARK [1][-]{section.7}{\376\377\000C\000o\000n\000c\000l\000u\000s\000i\000o\000n\000i}{}% 19
\BOOKMARK [1][-]{appendix.Alph1}{\376\377\000G\000e\000n\000e\000r\000a\000z\000i\000o\000n\000e\000\040\000d\000e\000i\000\040\000c\000e\000r\000c\000h\000i}{}% 20
